<?xml version="1.0" encoding="UTF-8"?>
<!-- Generated by org.testng.reporters.JUnitXMLReporter -->
<testsuite ignored="1" hostname="HYD-LT-BZH2PT2" failures="1" tests="2" name="Default test(failed)" time="13.526" errors="0" timestamp="2021-07-05T18:45:29 IST">
  <testcase classname="com.practice.testng.ListenerTestNGTestCase" name="testToSkip" time="0.007">
    <skipped/>
  </testcase> <!-- testToSkip -->
  <testcase classname="com.practice.testng.ListenerTestNGTestCase" name="testToFail" time="0.008">
    <failure type="java.lang.AssertionError" message="expected [Software] but found [Top 100 Software Testing Interview Questions &amp;amp; Answers - Software Testing Material]">
      <![CDATA[java.lang.AssertionError: expected [Software] but found [Top 100 Software Testing Interview Questions & Answers - Software Testing Material]
at com.practice.testng.ListenerTestNGTestCase.testToFail(ListenerTestNGTestCase.java:45)
at java.base/java.util.ArrayList.forEach(ArrayList.java:1507)
... Removed 32 stack frames]]>
    </failure>
  </testcase> <!-- testToFail -->
  <testcase classname="com.practice.testng.ListenerTestNGTestCase" name="testToPass" time="0.0">
    <ignored/>
  </testcase> <!-- testToPass -->
</testsuite> <!-- Default test(failed) -->
