<?xml version="1.0" encoding="UTF-8"?>
<!-- Generated by org.testng.reporters.JUnitXMLReporter -->
<testsuite ignored="0" hostname="HYD-LT-BZH2PT2" failures="0" tests="3" name="Default test" time="0.055" errors="0" timestamp="2021-09-02T15:59:56 IST">
  <testcase classname="com.practice.testng.TestNGAnnotation" name="testCase1" time="0.008"/>
  <testcase classname="com.practice.testng.TestNGAnnotation" name="testCase2" time="0.002"/>
  <testcase classname="com.practice.testng.TestNGAnnotation" name="testCase3" time="0.003"/>
</testsuite> <!-- Default test -->
