<?xml version="1.0" encoding="UTF-8"?>
<!-- Generated by org.testng.reporters.JUnitXMLReporter -->
<testsuite ignored="8" hostname="HYD-LT-BZH2PT2" failures="1" tests="12" name="testNGAnnotationPractice" time="10.586" errors="0" timestamp="2021-07-05T21:01:15 IST">
  <testcase classname="com.practice.testng.TestNGAnnotation" name="testCase2" time="0.004"/>
  <testcase classname="com.practice.testng.TestNGAnnotation" name="testCase3" time="0.0"/>
  <testcase classname="com.practice.testng.ModuleA" name="moduleATest1" time="0.0"/>
  <testcase classname="com.practice.testng.ModuleB" name="moduleBTest3" time="0.0"/>
  <testcase classname="com.practice.testng.TestNGException" name="testException" time="0.0"/>
  <testcase classname="com.practice.testng.DependsOnGroupsTestCase" name="testCase1" time="0.001"/>
  <testcase classname="com.practice.testng.DependsOnGroupsTestCase" name="testCase2" time="0.0"/>
  <testcase classname="com.practice.testng.ParameterizedTestNGXML" name="getBrowser" time="0.0"/>
  <testcase classname="com.practice.testng.ParallelTest" name="getChorme" time="4.628"/>
  <testcase classname="com.practice.testng.ParallelTest" name="getFirefox" time="5.91"/>
  <testcase classname="com.practice.testng.Test1" name="test1" time="0.003"/>
  <testcase classname="com.practice.testng.Test2" name="test2" time="0.001">
    <failure type="java.lang.AssertionError" message="expected [true] but found [false]">
      <![CDATA[java.lang.AssertionError: expected [true] but found [false]
at com.practice.testng.Test2.test2(Test2.java:12)
at java.base/java.util.concurrent.ThreadPoolExecutor.runWorker(ThreadPoolExecutor.java:1128)
at java.base/java.util.concurrent.ThreadPoolExecutor$Worker.run(ThreadPoolExecutor.java:628)
at java.base/java.lang.Thread.run(Thread.java:830)
... Removed 16 stack frames]]>
    </failure>
  </testcase> <!-- test2 -->
  <testcase classname="com.practice.testng.ListenerTestNGTestCase" name="testToPass" time="0.0">
    <ignored/>
  </testcase> <!-- testToPass -->
  <testcase classname="com.practice.testng.ListenerTestNGTestCase" name="testToSkip" time="0.0">
    <ignored/>
  </testcase> <!-- testToSkip -->
  <testcase classname="com.practice.testng.TestNGAnnotation" name="testCase1" time="0.0">
    <ignored/>
  </testcase> <!-- testCase1 -->
  <testcase classname="com.practice.testng.ModuleB" name="moduleBTest2" time="0.0">
    <ignored/>
  </testcase> <!-- moduleBTest2 -->
  <testcase classname="com.practice.testng.ListenerTestNGTestCase" name="testToFail" time="0.0">
    <ignored/>
  </testcase> <!-- testToFail -->
  <testcase classname="com.practice.testng.ModuleA" name="moduleATest2" time="0.0">
    <ignored/>
  </testcase> <!-- moduleATest2 -->
  <testcase classname="com.practice.testng.ModuleB" name="moduleBTest1" time="0.0">
    <ignored/>
  </testcase> <!-- moduleBTest1 -->
  <testcase classname="com.practice.testng.ModuleA" name="moduleATest3" time="0.0">
    <ignored/>
  </testcase> <!-- moduleATest3 -->
</testsuite> <!-- testNGAnnotationPractice -->
