<?xml version="1.0" encoding="UTF-8"?>
<!-- Generated by org.testng.reporters.JUnitXMLReporter -->
<testsuite ignored="2" hostname="HYD-LT-BZH2PT2" failures="0" tests="1" name="testNGAttributesPractice" time="0.003" errors="0" timestamp="2021-07-05T16:06:31 IST">
  <testcase classname="com.practice.testng.ModuleA" name="moduleATest1" time="0.001"/>
  <testcase classname="com.practice.testng.ModuleA" name="moduleATest2" time="0.0">
    <ignored/>
  </testcase> <!-- moduleATest2 -->
  <testcase classname="com.practice.testng.ModuleA" name="moduleATest3" time="0.0">
    <ignored/>
  </testcase> <!-- moduleATest3 -->
</testsuite> <!-- testNGAttributesPractice -->
