<?xml version="1.0" encoding="UTF-8"?>
<!-- Generated by org.testng.reporters.JUnitXMLReporter -->
<testsuite ignored="5" hostname="HYD-LT-BZH2PT2" failures="0" tests="5" name="testNGAnnotationPractice" time="0.056" errors="0" timestamp="2021-07-05T17:21:34 IST">
  <testcase classname="com.practice.testng.TestNGAnnotation" name="testCase2" time="0.007"/>
  <testcase classname="com.practice.testng.TestNGAnnotation" name="testCase3" time="0.001"/>
  <testcase classname="com.practice.testng.ModuleA" name="moduleATest1" time="0.005"/>
  <testcase classname="com.practice.testng.ModuleB" name="moduleBTest3" time="0.001"/>
  <testcase classname="com.practice.testng.TestNGException" name="testException" time="0.0"/>
  <testcase classname="com.practice.testng.TestNGAnnotation" name="testCase1" time="0.0">
    <ignored/>
  </testcase> <!-- testCase1 -->
  <testcase classname="com.practice.testng.ModuleB" name="moduleBTest2" time="0.0">
    <ignored/>
  </testcase> <!-- moduleBTest2 -->
  <testcase classname="com.practice.testng.ModuleA" name="moduleATest2" time="0.0">
    <ignored/>
  </testcase> <!-- moduleATest2 -->
  <testcase classname="com.practice.testng.ModuleB" name="moduleBTest1" time="0.0">
    <ignored/>
  </testcase> <!-- moduleBTest1 -->
  <testcase classname="com.practice.testng.ModuleA" name="moduleATest3" time="0.0">
    <ignored/>
  </testcase> <!-- moduleATest3 -->
</testsuite> <!-- testNGAnnotationPractice -->
