<?xml version="1.0" encoding="UTF-8"?>
<!-- Generated by org.testng.reporters.JUnitXMLReporter -->
<testsuite ignored="0" hostname="HYD-LT-BZH2PT2" failures="0" tests="3" name="testNGPractice" time="0.032" errors="0" timestamp="2021-07-05T15:33:04 IST">
  <testcase classname="com.practice.testng.TestNGAnnotation" name="testCase1" time="0.004"/>
  <testcase classname="com.practice.testng.TestNGAnnotation" name="testCase2" time="0.001"/>
  <testcase classname="com.practice.testng.TestNGAnnotation" name="testCase3" time="0.001"/>
</testsuite> <!-- testNGPractice -->
