<?xml version="1.0" encoding="UTF-8"?>
<testng-results ignored="0" total="1" passed="1" failed="0" skipped="0">
  <reporter-output>
  </reporter-output>
  <suite started-at="2021-07-07T17:39:39 IST" name="Default suite" finished-at="2021-07-07T17:39:42 IST" duration-ms="3078">
    <groups>
    </groups>
    <test started-at="2021-07-07T17:39:39 IST" name="Default test" finished-at="2021-07-07T17:39:42 IST" duration-ms="3078">
      <class name="com.practice.selenium.FrameCount">
        <test-method signature="getIframeCount()[pri:0, instance:com.practice.selenium.FrameCount@4c1d9d4b]" started-at="2021-07-07T17:39:39 IST" name="getIframeCount" finished-at="2021-07-07T17:39:42 IST" duration-ms="3046" status="PASS">
          <reporter-output>
          </reporter-output>
        </test-method> <!-- getIframeCount -->
      </class> <!-- com.practice.selenium.FrameCount -->
    </test> <!-- Default test -->
  </suite> <!-- Default suite -->
</testng-results>
