<?xml version="1.0" encoding="UTF-8"?>
<testng-results ignored="0" total="3" passed="3" failed="0" skipped="0">
  <reporter-output>
  </reporter-output>
  <suite started-at="2021-09-02T15:59:56 IST" name="Default suite" finished-at="2021-09-02T15:59:56 IST" duration-ms="55">
    <groups>
      <group name="SmokeTest">
        <method signature="TestNGAnnotation.testCase2()[pri:0, instance:com.practice.testng.TestNGAnnotation@63a65a25]" name="testCase2" class="com.practice.testng.TestNGAnnotation"/>
        <method signature="TestNGAnnotation.testCase3()[pri:0, instance:com.practice.testng.TestNGAnnotation@63a65a25]" name="testCase3" class="com.practice.testng.TestNGAnnotation"/>
      </group> <!-- SmokeTest -->
      <group name="RegressionTest">
        <method signature="TestNGAnnotation.testCase2()[pri:0, instance:com.practice.testng.TestNGAnnotation@63a65a25]" name="testCase2" class="com.practice.testng.TestNGAnnotation"/>
      </group> <!-- RegressionTest -->
    </groups>
    <test started-at="2021-09-02T15:59:56 IST" name="Default test" finished-at="2021-09-02T15:59:56 IST" duration-ms="55">
      <class name="com.practice.testng.TestNGAnnotation">
        <test-method is-config="true" signature="beforeSuite()[pri:0, instance:com.practice.testng.TestNGAnnotation@63a65a25]" started-at="2021-09-02T15:59:56 IST" name="beforeSuite" finished-at="2021-09-02T15:59:56 IST" duration-ms="7" status="PASS">
          <reporter-output>
          </reporter-output>
        </test-method> <!-- beforeSuite -->
        <test-method is-config="true" signature="beforeTest()[pri:0, instance:com.practice.testng.TestNGAnnotation@63a65a25]" started-at="2021-09-02T15:59:56 IST" name="beforeTest" finished-at="2021-09-02T15:59:56 IST" duration-ms="1" status="PASS">
          <reporter-output>
          </reporter-output>
        </test-method> <!-- beforeTest -->
        <test-method is-config="true" signature="beforeClass()[pri:0, instance:com.practice.testng.TestNGAnnotation@63a65a25]" started-at="2021-09-02T15:59:56 IST" name="beforeClass" finished-at="2021-09-02T15:59:56 IST" duration-ms="1" status="PASS">
          <reporter-output>
          </reporter-output>
        </test-method> <!-- beforeClass -->
        <test-method is-config="true" signature="beforeMethod()[pri:0, instance:com.practice.testng.TestNGAnnotation@63a65a25]" started-at="2021-09-02T15:59:56 IST" name="beforeMethod" finished-at="2021-09-02T15:59:56 IST" duration-ms="0" status="PASS">
          <reporter-output>
          </reporter-output>
        </test-method> <!-- beforeMethod -->
        <test-method signature="testCase1()[pri:0, instance:com.practice.testng.TestNGAnnotation@63a65a25]" started-at="2021-09-02T15:59:56 IST" name="testCase1" finished-at="2021-09-02T15:59:56 IST" duration-ms="8" status="PASS">
          <reporter-output>
          </reporter-output>
        </test-method> <!-- testCase1 -->
        <test-method is-config="true" signature="afterMethod()[pri:0, instance:com.practice.testng.TestNGAnnotation@63a65a25]" started-at="2021-09-02T15:59:56 IST" name="afterMethod" finished-at="2021-09-02T15:59:56 IST" duration-ms="0" status="PASS">
          <reporter-output>
          </reporter-output>
        </test-method> <!-- afterMethod -->
        <test-method signature="testCase2()[pri:0, instance:com.practice.testng.TestNGAnnotation@63a65a25]" started-at="2021-09-02T15:59:56 IST" name="testCase2" finished-at="2021-09-02T15:59:56 IST" duration-ms="2" status="PASS">
          <reporter-output>
          </reporter-output>
        </test-method> <!-- testCase2 -->
        <test-method is-config="true" signature="beforeMethod()[pri:0, instance:com.practice.testng.TestNGAnnotation@63a65a25]" started-at="2021-09-02T15:59:56 IST" name="beforeMethod" finished-at="2021-09-02T15:59:56 IST" duration-ms="0" status="PASS">
          <reporter-output>
          </reporter-output>
        </test-method> <!-- beforeMethod -->
        <test-method is-config="true" signature="afterMethod()[pri:0, instance:com.practice.testng.TestNGAnnotation@63a65a25]" started-at="2021-09-02T15:59:56 IST" name="afterMethod" finished-at="2021-09-02T15:59:56 IST" duration-ms="1" status="PASS">
          <reporter-output>
          </reporter-output>
        </test-method> <!-- afterMethod -->
        <test-method signature="testCase3()[pri:0, instance:com.practice.testng.TestNGAnnotation@63a65a25]" started-at="2021-09-02T15:59:56 IST" name="testCase3" finished-at="2021-09-02T15:59:56 IST" duration-ms="3" status="PASS">
          <reporter-output>
          </reporter-output>
        </test-method> <!-- testCase3 -->
        <test-method is-config="true" signature="beforeMethod()[pri:0, instance:com.practice.testng.TestNGAnnotation@63a65a25]" started-at="2021-09-02T15:59:56 IST" name="beforeMethod" finished-at="2021-09-02T15:59:56 IST" duration-ms="0" status="PASS">
          <reporter-output>
          </reporter-output>
        </test-method> <!-- beforeMethod -->
        <test-method is-config="true" signature="afterMethod()[pri:0, instance:com.practice.testng.TestNGAnnotation@63a65a25]" started-at="2021-09-02T15:59:56 IST" name="afterMethod" finished-at="2021-09-02T15:59:56 IST" duration-ms="1" status="PASS">
          <reporter-output>
          </reporter-output>
        </test-method> <!-- afterMethod -->
        <test-method is-config="true" signature="afterClass()[pri:0, instance:com.practice.testng.TestNGAnnotation@63a65a25]" started-at="2021-09-02T15:59:56 IST" name="afterClass" finished-at="2021-09-02T15:59:56 IST" duration-ms="0" status="PASS">
          <reporter-output>
          </reporter-output>
        </test-method> <!-- afterClass -->
        <test-method is-config="true" signature="afterTest()[pri:0, instance:com.practice.testng.TestNGAnnotation@63a65a25]" started-at="2021-09-02T15:59:56 IST" name="afterTest" finished-at="2021-09-02T15:59:56 IST" duration-ms="0" status="PASS">
          <reporter-output>
          </reporter-output>
        </test-method> <!-- afterTest -->
        <test-method is-config="true" signature="afterSuite()[pri:0, instance:com.practice.testng.TestNGAnnotation@63a65a25]" started-at="2021-09-02T15:59:56 IST" name="afterSuite" finished-at="2021-09-02T15:59:56 IST" duration-ms="0" status="PASS">
          <reporter-output>
          </reporter-output>
        </test-method> <!-- afterSuite -->
      </class> <!-- com.practice.testng.TestNGAnnotation -->
    </test> <!-- Default test -->
  </suite> <!-- Default suite -->
</testng-results>
